{"level":"info","message":"{method:GET, url:/ , origin:undefined}","timestamp":"2023-09-28T02:25:51.680Z"}
{"level":"info","message":"{method:GET, url:/favicon.ico , origin:undefined}","timestamp":"2023-09-28T02:25:51.804Z"}
{"level":"info","message":"{method:GET, url:/ , origin:undefined}","timestamp":"2023-09-28T02:26:31.737Z"}
{"level":"info","message":"{method:GET, url:/favicon.ico , origin:undefined}","timestamp":"2023-09-28T02:26:31.771Z"}
{"level":"info","message":"{method:GET, url:/restaurant/all?page=10 , origin:undefined}","timestamp":"2023-09-28T02:30:19.970Z"}
{"level":"info","message":"{method:GET, url:/restaurant/all?page=10 , origin:undefined}","timestamp":"2023-09-28T02:30:36.322Z"}
{"level":"info","message":"{method:GET, url:/restaurant/all?page=10 , origin:undefined}","timestamp":"2023-09-28T02:31:24.458Z"}
{"level":"info","message":"{method:GET, url:/restaurant/all?page=10 , origin:undefined}","timestamp":"2023-09-28T02:33:09.730Z"}
{"level":"info","message":"{method:GET, url:/restaurant/all?pae=10 , origin:undefined}","timestamp":"2023-09-28T02:33:24.051Z"}
{"level":"info","message":"{method:GET, url:/restaurant/all?pae=10 , origin:undefined}","timestamp":"2023-09-28T02:34:02.295Z"}
{"level":"info","message":"{method:GET, url:/restaurant/all , origin:undefined}","timestamp":"2023-09-28T02:35:01.443Z"}
{"level":"info","message":"{method:GET, url:/restaurant/all?page=2 , origin:undefined}","timestamp":"2023-09-28T02:35:16.648Z"}
{"level":"info","message":"{method:GET, url:/restaurant/all?page=2&ada , origin:undefined}","timestamp":"2023-09-28T02:36:12.423Z"}
{"level":"info","message":"{method:GET, url:/restaurant/al , origin:undefined}","timestamp":"2023-09-28T02:36:36.629Z"}
{"level":"info","message":"{method:GET, url:/restaurant/all?page=2 , origin:undefined}","timestamp":"2023-09-28T02:37:22.169Z"}
{"level":"info","message":"{ method: GET, url: /restaurant/all?page=2 , origin: undefined} , responseStatus:function status(code) {\n  if ((typeof code === 'string' || Math.floor(code) !== code) && code > 99 && code < 1000) {\n    deprecate('res.status(' + JSON.stringify(code) + '): use res.status(' + Math.floor(code) + ') instead')\n  }\n  this.statusCode = code;\n  return this;\n}","timestamp":"2023-09-28T02:46:34.829Z"}
{"level":"info","message":"{ method: GET, url: /restaurant/all?page=2 , origin: undefined} , responseStatus:200","timestamp":"2023-09-28T02:47:30.747Z"}
{"level":"info","message":"{ method: GET, url: /restaurant/all?page=2 , origin: undefined , responseStatus:200 }","timestamp":"2023-09-28T02:48:28.032Z"}
{"level":"info","message":"{ method: GET, url: /dish/menu , origin: undefined , responseStatus:200 }","timestamp":"2023-09-28T03:04:35.553Z"}
{"level":"info","message":"{ method: POST, url: /restaurant/addMenu?resturant=651078533ca6b4aeb773765a , origin: undefined , responseStatus:200 }","timestamp":"2023-09-28T03:55:20.986Z"}
{"level":"info","message":"{ method: POST, url: /restaurant/addMenu?restaurantId=651078533ca6b4aeb773765a , origin: undefined , responseStatus:200 }","timestamp":"2023-09-28T03:56:21.421Z"}
{"level":"info","message":"{ method: POST, url: /restaurant/addMenu?restaurantId=651078533ca6b4aeb773765a , origin: undefined , responseStatus:200 }","timestamp":"2023-09-28T03:56:26.125Z"}
{"level":"info","message":"{ method: POST, url: /restaurant/addMenu?restaurantId=651078533ca6b4aeb773765a , origin: undefined , responseStatus:200 }","timestamp":"2023-09-28T03:59:44.059Z"}
{"level":"info","message":"{ method: POST, url: /restaurant/addMenu?restaurantId=651078533ca6b4aeb773765a , origin: undefined , responseStatus:200 }","timestamp":"2023-09-28T04:00:11.900Z"}
{"level":"info","message":"{ method: POST, url: /restaurant/addMenu?restaurantId=651078533ca6b4aeb773765a , origin: undefined , responseStatus:200 }","timestamp":"2023-09-28T04:00:48.059Z"}
{"level":"info","message":"{ method: POST, url: /restaurant/addMenu?restaurantId=651078533ca6b4aeb773765a , origin: undefined , responseStatus:200 }","timestamp":"2023-09-28T04:01:41.354Z"}
{"level":"info","message":"{ method: POST, url: /restaurant/addMenu?restaurantId=651078533ca6b4aeb773765a , origin: undefined , responseStatus:200 }","timestamp":"2023-09-28T04:02:03.722Z"}
{"level":"info","message":"{ method: POST, url: /restaurant/addMenu?restaurantId=651078533ca6b4aeb773765a , origin: undefined , responseStatus:200 }","timestamp":"2023-09-28T04:02:27.684Z"}
{"level":"info","message":"{ method: POST, url: /restaurant/addMenu?restaurantId=651078533ca6b4aeb773765a , origin: undefined , responseStatus:200 }","timestamp":"2023-09-28T04:03:19.540Z"}
{"level":"info","message":"{ method: POST, url: /restaurant/addMenu?restaurantId=651078533ca6b4aeb773765a , origin: undefined , responseStatus:200 }","timestamp":"2023-09-28T04:03:52.445Z"}
{"level":"info","message":"{ method: POST, url: /restaurant/addMenu , origin: undefined , responseStatus:200 }","timestamp":"2023-09-28T04:07:47.661Z"}
{"level":"info","message":"{ method: POST, url: /restaurant/addMenu , origin: undefined , responseStatus:200 }","timestamp":"2023-09-28T04:09:10.882Z"}
{"level":"info","message":"{ method: POST, url: /restaurant/addMenu , origin: undefined , responseStatus:200 }","timestamp":"2023-09-28T04:10:50.421Z"}
{"level":"info","message":"{ method: POST, url: /restaurant/addMenu , origin: undefined , responseStatus:200 }","timestamp":"2023-09-28T04:12:24.592Z"}
{"level":"info","message":"{ method: POST, url: /restaurant/addMenu , origin: undefined , responseStatus:200 }","timestamp":"2023-09-28T04:46:27.343Z"}
{"level":"info","message":"{ method: POST, url: /restaurant/addMenu , origin: undefined , responseStatus:200 }","timestamp":"2023-09-28T04:47:20.173Z"}
{"level":"info","message":"{ method: POST, url: /restaurant/addMenu , origin: undefined , responseStatus:200 }","timestamp":"2023-09-28T04:48:25.898Z"}
{"level":"info","message":"{ method: POST, url: /restaurant/addMenu , origin: undefined , responseStatus:200 }","timestamp":"2023-09-28T04:49:23.580Z"}
{"level":"info","message":"{ method: POST, url: /restaurant/addMenu , origin: undefined , responseStatus:200 }","timestamp":"2023-09-28T04:50:19.472Z"}
{"level":"info","message":"{ method: POST, url: /restaurant/addMenu , origin: undefined , responseStatus:200 }","timestamp":"2023-09-28T04:54:43.425Z"}
{"level":"info","message":"{ method: POST, url: /restaurant/addMenu , origin: undefined , responseStatus:200 }","timestamp":"2023-09-28T04:55:12.049Z"}
{"level":"info","message":"{ method: POST, url: /restaurant/addMenu , origin: undefined , responseStatus:200 }","timestamp":"2023-09-28T04:55:54.649Z"}
{"level":"info","message":"{ method: POST, url: /restaurant/addMenu , origin: undefined , responseStatus:200 }","timestamp":"2023-09-28T04:57:55.787Z"}
{"level":"info","message":"{ method: POST, url: /restaurant/addMenu , origin: undefined , responseStatus:200 }","timestamp":"2023-09-28T04:58:25.295Z"}
{"level":"info","message":"{ method: POST, url: /restaurant/addMenu , origin: undefined , responseStatus:200 }","timestamp":"2023-09-28T05:01:00.955Z"}
{"level":"info","message":"{ method: POST, url: /restaurant/addMenu , origin: undefined , responseStatus:200 }","timestamp":"2023-09-28T05:01:20.286Z"}
{"level":"info","message":"{ method: POST, url: /restaurant/addMenu , origin: undefined , responseStatus:200 }","timestamp":"2023-09-28T05:05:16.832Z"}
{"level":"info","message":"{ method: POST, url: /restaurant/addMenu , origin: undefined , responseStatus:200 }","timestamp":"2023-09-28T05:06:03.764Z"}
{"level":"info","message":"{ method: POST, url: /restaurant/addMenu , origin: undefined , responseStatus:200 }","timestamp":"2023-09-28T05:06:24.272Z"}
{"level":"info","message":"{ method: POST, url: /restaurant/addMenu , origin: undefined , responseStatus:200 }","timestamp":"2023-09-28T05:12:24.670Z"}
{"level":"info","message":"{ method: POST, url: /restaurant/addMenu , origin: undefined , responseStatus:200 }","timestamp":"2023-09-28T05:12:44.917Z"}
{"level":"info","message":"{ method: POST, url: /restaurant/addMenu , origin: undefined , responseStatus:200 }","timestamp":"2023-09-28T05:14:23.016Z"}
{"level":"info","message":"{ method: POST, url: /restaurant/addMenu , origin: undefined , responseStatus:200 }","timestamp":"2023-09-28T05:15:58.522Z"}
{"level":"info","message":"{ method: POST, url: /restaurant/addMenu , origin: undefined , responseStatus:200 }","timestamp":"2023-09-28T05:20:14.886Z"}
{"level":"info","message":"{ method: POST, url: /restaurant/addMenu , origin: undefined , responseStatus:200 }","timestamp":"2023-09-28T05:23:12.859Z"}
{"level":"info","message":"{ method: POST, url: /restaurant/addMenu , origin: undefined , responseStatus:200 }","timestamp":"2023-09-28T05:24:57.226Z"}
{"level":"info","message":"{ method: POST, url: /restaurant/addMenu , origin: undefined , responseStatus:200 }","timestamp":"2023-09-28T05:25:54.680Z"}
{"level":"info","message":"{ method: POST, url: /restaurant/addMenu , origin: undefined , responseStatus:200 }","timestamp":"2023-09-28T05:27:05.897Z"}
{"level":"info","message":"{ method: POST, url: /restaurant/addMenu , origin: undefined , responseStatus:200 }","timestamp":"2023-09-28T05:27:46.524Z"}
{"level":"info","message":"{ method: POST, url: /restaurant/addMenu , origin: undefined , responseStatus:200 }","timestamp":"2023-09-28T05:28:31.855Z"}
{"level":"info","message":"{ method: POST, url: /restaurant/addMenu , origin: undefined , responseStatus:200 }","timestamp":"2023-09-28T05:29:23.694Z"}
{"level":"info","message":"{ method: POST, url: /restaurant/addMenu , origin: undefined , responseStatus:200 }","timestamp":"2023-09-28T05:31:16.470Z"}
{"level":"info","message":"{ method: POST, url: /restaurant/addMenu , origin: undefined , responseStatus:200 }","timestamp":"2023-09-28T05:31:57.095Z"}
{"level":"info","message":"{ method: POST, url: /restaurant/addMenu , origin: undefined , responseStatus:200 }","timestamp":"2023-09-28T05:32:28.341Z"}
{"level":"info","message":"{ method: POST, url: /restaurant/addMenu , origin: undefined , responseStatus:200 }","timestamp":"2023-09-28T05:34:49.222Z"}
{"level":"info","message":"{ method: POST, url: /restaurant/addMenu , origin: undefined , responseStatus:200 }","timestamp":"2023-09-28T05:35:02.761Z"}
{"level":"info","message":"{ method: POST, url: /restaurant/addMenu , origin: undefined , responseStatus:200 }","timestamp":"2023-09-28T05:36:24.802Z"}
{"level":"info","message":"{ method: POST, url: /restaurant/addMenu , origin: undefined , responseStatus:200 }","timestamp":"2023-09-28T05:38:52.271Z"}
{"level":"info","message":"{ method: POST, url: /restaurant/addMenu , origin: undefined , responseStatus:200 }","timestamp":"2023-09-28T05:40:33.824Z"}
{"level":"info","message":"{ method: POST, url: /restaurant/addMenu , origin: undefined , responseStatus:200 }","timestamp":"2023-09-28T05:40:55.309Z"}
{"level":"info","message":"{ method: POST, url: /restaurant/addMenu , origin: undefined , responseStatus:200 }","timestamp":"2023-09-28T05:41:30.659Z"}
{"level":"info","message":"{ method: POST, url: /restaurant/addDish , origin: undefined , responseStatus:200 }","timestamp":"2023-09-28T06:01:36.628Z"}
{"level":"info","message":"{ method: POST, url: /dish/addMenu , origin: undefined , responseStatus:200 }","timestamp":"2023-09-28T06:03:56.045Z"}
{"level":"info","message":"{ method: POST, url: /dish/addMenu , origin: undefined , responseStatus:200 }","timestamp":"2023-09-28T06:04:56.208Z"}
{"level":"info","message":"{ method: POST, url: /dish/addMenu , origin: undefined , responseStatus:200 }","timestamp":"2023-09-28T06:05:15.014Z"}
{"level":"info","message":"{ method: POST, url: /dish/addMenu , origin: undefined , responseStatus:200 }","timestamp":"2023-09-28T06:06:43.439Z"}
{"level":"info","message":"{ method: POST, url: /dish/addMenu , origin: undefined , responseStatus:200 }","timestamp":"2023-09-28T06:07:00.242Z"}
{"level":"info","message":"{ method: GET, url: /dish/menu , origin: undefined , responseStatus:200 }","timestamp":"2023-09-28T06:09:26.233Z"}
{"level":"info","message":"{ method: GET, url: / , origin: undefined , responseStatus:200 }","timestamp":"2023-09-28T06:12:19.960Z"}
{"level":"info","message":"{ method: GET, url: /favicon.ico , origin: undefined , responseStatus:200 }","timestamp":"2023-09-28T06:12:20.160Z"}
{"level":"info","message":"{ method: GET, url: /restaurant/all , origin: undefined , responseStatus:200 }","timestamp":"2023-09-28T06:15:48.332Z"}
{"level":"info","message":"{ method: GET, url: /restaurant/all , origin: undefined , responseStatus:200 }","timestamp":"2023-09-28T06:15:48.614Z"}
{"level":"info","message":"{ method: GET, url: /restaurant/all , origin: undefined , responseStatus:200 }","timestamp":"2023-09-28T06:17:30.855Z"}
{"level":"info","message":"{ method: GET, url: /restaurant/all , origin: undefined , responseStatus:200 }","timestamp":"2023-09-28T06:18:04.944Z"}
{"level":"info","message":"{ method: GET, url: /restaurant/all , origin: undefined , responseStatus:200 }","timestamp":"2023-09-28T06:18:04.937Z"}
{"level":"info","message":"{ method: GET, url: /restaurant/all , origin: undefined , responseStatus:200 }","timestamp":"2023-09-28T06:20:51.489Z"}
{"level":"info","message":"{ method: GET, url: /restaurant/all , origin: undefined , responseStatus:200 }","timestamp":"2023-09-28T06:20:51.508Z"}
{"level":"info","message":"{ method: GET, url: /restaurant/all , origin: undefined , responseStatus:200 }","timestamp":"2023-09-28T06:22:00.723Z"}
{"level":"info","message":"{ method: GET, url: /restaurant/all , origin: undefined , responseStatus:200 }","timestamp":"2023-09-28T06:22:00.799Z"}
{"level":"info","message":"{ method: GET, url: /restaurant/all , origin: undefined , responseStatus:200 }","timestamp":"2023-09-28T06:22:43.762Z"}
{"level":"info","message":"{ method: GET, url: /restaurant/all , origin: undefined , responseStatus:200 }","timestamp":"2023-09-28T06:22:43.779Z"}
{"level":"info","message":"{ method: GET, url: /restaurant/all , origin: undefined , responseStatus:200 }","timestamp":"2023-09-28T06:23:36.293Z"}
{"level":"info","message":"{ method: GET, url: /restaurant/all , origin: undefined , responseStatus:200 }","timestamp":"2023-09-28T06:23:36.303Z"}
{"level":"info","message":"{ method: GET, url: /restaurant/all , origin: undefined , responseStatus:200 }","timestamp":"2023-09-28T06:24:51.228Z"}
{"level":"info","message":"{ method: GET, url: /restaurant/all , origin: undefined , responseStatus:200 }","timestamp":"2023-09-28T06:24:51.245Z"}
{"level":"info","message":"{ method: GET, url: /restaurant/all , origin: undefined , responseStatus:200 }","timestamp":"2023-09-28T06:25:19.924Z"}
{"level":"info","message":"{ method: GET, url: /restaurant/all , origin: undefined , responseStatus:200 }","timestamp":"2023-09-28T06:25:19.937Z"}
{"level":"info","message":"{ method: GET, url: /restaurant/all , origin: undefined , responseStatus:200 }","timestamp":"2023-09-28T06:26:14.596Z"}
{"level":"info","message":"{ method: GET, url: /restaurant/all , origin: undefined , responseStatus:200 }","timestamp":"2023-09-28T06:26:14.601Z"}
{"level":"info","message":"{ method: GET, url: /restaurant/all , origin: undefined , responseStatus:200 }","timestamp":"2023-09-28T06:39:34.170Z"}
{"level":"info","message":"{ method: GET, url: /restaurant/all , origin: undefined , responseStatus:200 }","timestamp":"2023-09-28T06:39:34.204Z"}
{"level":"info","message":"{ method: GET, url: /dish/menu , origin: undefined , responseStatus:200 }","timestamp":"2023-09-28T06:40:03.102Z"}
{"level":"info","message":"{ method: GET, url: /restaurant/all , origin: undefined , responseStatus:200 }","timestamp":"2023-09-28T06:40:21.440Z"}
{"level":"info","message":"{ method: GET, url: /restaurant/all , origin: undefined , responseStatus:200 }","timestamp":"2023-09-28T06:40:21.450Z"}
{"level":"info","message":"{ method: GET, url: /dish/menu , origin: undefined , responseStatus:200 }","timestamp":"2023-09-28T06:41:09.216Z"}
{"level":"info","message":"{ method: GET, url: /dish/menu , origin: undefined , responseStatus:200 }","timestamp":"2023-09-28T06:42:46.447Z"}
{"level":"info","message":"{ method: GET, url: /restaurant/all , origin: undefined , responseStatus:200 }","timestamp":"2023-09-28T06:43:47.279Z"}
{"level":"info","message":"{ method: GET, url: /restaurant/all , origin: undefined , responseStatus:200 }","timestamp":"2023-09-28T06:43:47.284Z"}
{"level":"info","message":"{ method: GET, url: /restaurant/all , origin: undefined , responseStatus:200 }","timestamp":"2023-09-28T06:51:39.485Z"}
{"level":"info","message":"{ method: GET, url: /restaurant/all , origin: undefined , responseStatus:200 }","timestamp":"2023-09-28T06:51:39.517Z"}
{"level":"info","message":"{ method: GET, url: /dish/menu , origin: undefined , responseStatus:200 }","timestamp":"2023-09-28T06:51:39.508Z"}
{"level":"info","message":"{ method: GET, url: /restaurant/all , origin: undefined , responseStatus:200 }","timestamp":"2023-09-28T06:51:59.884Z"}
{"level":"info","message":"{ method: GET, url: /dish/menu , origin: undefined , responseStatus:200 }","timestamp":"2023-09-28T06:51:59.926Z"}
{"level":"info","message":"{ method: GET, url: /restaurant/all , origin: undefined , responseStatus:200 }","timestamp":"2023-09-28T06:51:59.934Z"}
{"level":"info","message":"{ method: GET, url: /dish/menu , origin: undefined , responseStatus:200 }","timestamp":"2023-09-28T06:52:15.912Z"}
{"level":"info","message":"{ method: GET, url: /restaurant/all , origin: undefined , responseStatus:200 }","timestamp":"2023-09-28T06:52:15.908Z"}
{"level":"info","message":"{ method: GET, url: /restaurant/all , origin: undefined , responseStatus:200 }","timestamp":"2023-09-28T06:52:15.918Z"}
{"level":"info","message":"{ method: GET, url: /dish/menu , origin: undefined , responseStatus:200 }","timestamp":"2023-09-28T06:52:34.416Z"}
{"level":"info","message":"{ method: GET, url: /dish/menu , origin: undefined , responseStatus:200 }","timestamp":"2023-09-28T06:52:52.145Z"}
{"level":"info","message":"{ method: GET, url: /restaurant/all , origin: undefined , responseStatus:200 }","timestamp":"2023-09-28T06:53:06.485Z"}
{"level":"info","message":"{ method: GET, url: /dish/menu , origin: undefined , responseStatus:200 }","timestamp":"2023-09-28T06:53:06.495Z"}
{"level":"info","message":"{ method: GET, url: /restaurant/all , origin: undefined , responseStatus:200 }","timestamp":"2023-09-28T06:53:06.548Z"}
{"level":"info","message":"{ method: GET, url: /restaurant/all , origin: undefined , responseStatus:200 }","timestamp":"2023-09-28T06:53:48.928Z"}
{"level":"info","message":"{ method: GET, url: /dish/menu , origin: undefined , responseStatus:200 }","timestamp":"2023-09-28T06:53:48.943Z"}
{"level":"info","message":"{ method: GET, url: /restaurant/all , origin: undefined , responseStatus:200 }","timestamp":"2023-09-28T06:53:48.954Z"}
{"level":"info","message":"{ method: GET, url: /restaurant/all , origin: undefined , responseStatus:200 }","timestamp":"2023-09-28T06:56:16.212Z"}
{"level":"info","message":"{ method: GET, url: /dish/menu , origin: undefined , responseStatus:200 }","timestamp":"2023-09-28T06:56:16.216Z"}
{"level":"info","message":"{ method: GET, url: /restaurant/all , origin: undefined , responseStatus:200 }","timestamp":"2023-09-28T06:56:16.221Z"}
{"level":"info","message":"{ method: GET, url: /restaurant/all , origin: undefined , responseStatus:200 }","timestamp":"2023-09-28T06:57:31.644Z"}
{"level":"info","message":"{ method: GET, url: /restaurant/all , origin: undefined , responseStatus:200 }","timestamp":"2023-09-28T06:57:31.657Z"}
{"level":"info","message":"{ method: GET, url: /dish/menu , origin: undefined , responseStatus:200 }","timestamp":"2023-09-28T06:57:31.666Z"}
{"level":"info","message":"{ method: GET, url: /restaurant/all , origin: undefined , responseStatus:200 }","timestamp":"2023-09-28T06:58:14.078Z"}
{"level":"info","message":"{ method: GET, url: /dish/menu , origin: undefined , responseStatus:200 }","timestamp":"2023-09-28T06:58:14.081Z"}
{"level":"info","message":"{ method: GET, url: /restaurant/all , origin: undefined , responseStatus:200 }","timestamp":"2023-09-28T06:58:14.085Z"}
